<?xml version="1.0" encoding="UTF-8"?><testsuite errors="0" failures="0" name="com.dan.features.search.VerticalMenuTest" skipped="0" tests="7" time="56.04" timestamp="2018-03-28T11:31:58.189693100+03:00[Europe/Athens]"><testcase classname="com.dan.features.search.VerticalMenuTest" name="Navigate to baza full PG page"/><testcase classname="com.dan.features.search.VerticalMenuTest" name="Vertical menu button function"/><testcase classname="com.dan.features.search.VerticalMenuTest" name="Navigate to baza full VG page"/><testcase classname="com.dan.features.search.VerticalMenuTest" name="Show sub menu"/><testcase classname="com.dan.features.search.VerticalMenuTest" name="Navigate to baza optim page"/><testcase classname="com.dan.features.search.VerticalMenuTest" name="Navigate to baza e potion page"/><testcase classname="com.dan.features.search.VerticalMenuTest" name="Navigate to baza500 page"/></testsuite>