<?xml version="1.0" encoding="UTF-8"?><testsuite errors="0" failures="0" name="com.dan.features.search.LoginTest" skipped="0" tests="7" time="40.93" timestamp="2018-03-28T11:38:42.296333300+03:00[Europe/Athens]"><testcase classname="com.dan.features.search.LoginTest" name="Check login function empty password field"/><testcase classname="com.dan.features.search.LoginTest" name="Check login function invalid password"/><testcase classname="com.dan.features.search.LoginTest" name="Check login function invalid user name format"/><testcase classname="com.dan.features.search.LoginTest" name="Forgot password link"/><testcase classname="com.dan.features.search.LoginTest" name="Check login function empty user name field"/><testcase classname="com.dan.features.search.LoginTest" name="Check login function invalid user name"/><testcase classname="com.dan.features.search.LoginTest" name="Check login function valid credentilas"/></testsuite>